<?xml version="1.0" encoding="UTF-8" ?>
<testsuite failures="0" time="0.09" errors="0" skipped="0" tests="9" name="sala.patryk.projekt.wypozyczalniavideo.tests.VideoRentTest">
  <properties>
[...]
</properties>
  <testcase time="0.028" classname="sala.patryk.projekt.wypozyczalniavideo.tests.VideoRentTest" name="showAllMoviesInVieoRentalTest"/>
  <testcase time="0.001" classname="sala.patryk.projekt.wypozyczalniavideo.tests.VideoRentTest" name="removeMovieFromVieoRentalTest"/>
  <testcase time="0.002" classname="sala.patryk.projekt.wypozyczalniavideo.tests.VideoRentTest" name="rentMovieTest"/>
  <testcase time="0" classname="sala.patryk.projekt.wypozyczalniavideo.tests.VideoRentTest" name="settingPriceTest"/>
  <testcase time="0.001" classname="sala.patryk.projekt.wypozyczalniavideo.tests.VideoRentTest" name="findByDirectorTest"/>
  <testcase time="0.001" classname="sala.patryk.projekt.wypozyczalniavideo.tests.VideoRentTest" name="findByDataCarrierTypeTest"/>
  <testcase time="0" classname="sala.patryk.projekt.wypozyczalniavideo.tests.VideoRentTest" name="findByTitleTest"/>
  <testcase time="0" classname="sala.patryk.projekt.wypozyczalniavideo.tests.VideoRentTest" name="createCustomerWithNegativeAmountOfMoneyTest"/>
  <testcase time="0.001" classname="sala.patryk.projekt.wypozyczalniavideo.tests.VideoRentTest" name="clientHasNoMoneyToPayTest"/>
</testsuite>